<?xml version="1.0" encoding="UTF-8"?>
<testng-results ignored="0" total="1" passed="1" failed="0" skipped="0">
  <reporter-output>
  </reporter-output>
  <suite started-at="2022-05-28T17:12:39 IST" name="Default suite" finished-at="2022-05-28T17:12:41 IST" duration-ms="2191">
    <groups>
    </groups>
    <test started-at="2022-05-28T17:12:39 IST" name="Default test" finished-at="2022-05-28T17:12:41 IST" duration-ms="2191">
      <class name="GetCallBDD">
        <test-method signature="firstRequest()[pri:0, instance:GetCallBDD@6a370f4]" started-at="2022-05-28T17:12:39 IST" name="firstRequest" finished-at="2022-05-28T17:12:41 IST" duration-ms="2160" status="PASS">
          <reporter-output>
          </reporter-output>
        </test-method> <!-- firstRequest -->
      </class> <!-- GetCallBDD -->
    </test> <!-- Default test -->
  </suite> <!-- Default suite -->
</testng-results>
